2026-02-08 17:01:20 INFO  Utils:112 - [TestNG] Running:
  C:\Users\2457327\AppData\Local\JetBrains\IdeaIC2025.2\temp-testng-customsuite.xml

2026-02-08 17:02:49 INFO  Utils:112 - [TestNG] Running:
  C:\Users\2457327\IdeaProjects\Automating_EMICaluculator\testng.xml

<<<<<<< HEAD
2026-02-08 17:03:05 INFO  ExtentReportManager:76 - Test method passed with: navigate_to_home_loan_page
2026-02-08 17:03:07 INFO  ExtentReportManager:76 - Test method passed with: check_EMI_calculator
2026-02-08 17:03:10 INFO  ExtentReportManager:76 - Test method passed with: check_Loan_Amount_calculator
2026-02-08 17:03:12 INFO  ExtentReportManager:76 - Test method passed with: check_Loan_tenure_calculator
2026-02-08 17:03:29 INFO  Test_EmiCalculator:19 - -----Stated CarEmiTestCase-----
2026-02-08 17:03:29 INFO  Test_EmiCalculator:23 - -----opencarLoanTab-----
2026-02-08 17:03:29 INFO  Test_EmiCalculator:26 - -----Starting data Entering-----
2026-02-08 17:03:30 INFO  Test_EmiCalculator:29 - -----Entered Loan Amount-----
2026-02-08 17:03:30 INFO  Test_EmiCalculator:32 - -----Entered Interest Rate-----
2026-02-08 17:03:31 INFO  Test_EmiCalculator:35 - -----Entered Tenure-----
2026-02-08 17:03:31 INFO  Test_EmiCalculator:38 - -----TotalAmount-----
2026-02-08 17:03:31 INFO  EmiCalculatorPage:88 - Got Interest Amount
2026-02-08 17:03:31 INFO  EmiCalculatorPage:90 - Got EMI Amount
2026-02-08 17:03:31 INFO  EmiCalculatorPage:92 - Got Total Amount
2026-02-08 17:03:32 INFO  EmiCalculatorPage:97 - Data added to ExcelSheet
2026-02-08 17:03:32 INFO  ExtentReportManager:76 - Test method passed with: verifyCarLoanMonthlyBreakup
2026-02-08 17:03:32 INFO  Test_EmiCalculator:19 - -----Stated CarEmiTestCase-----
2026-02-08 17:03:32 INFO  Test_EmiCalculator:23 - -----opencarLoanTab-----
2026-02-08 17:03:33 INFO  Test_EmiCalculator:26 - -----Starting data Entering-----
2026-02-08 17:03:33 INFO  Test_EmiCalculator:29 - -----Entered Loan Amount-----
2026-02-08 17:03:33 INFO  Test_EmiCalculator:32 - -----Entered Interest Rate-----
2026-02-08 17:03:33 INFO  Test_EmiCalculator:35 - -----Entered Tenure-----
2026-02-08 17:03:33 INFO  Test_EmiCalculator:38 - -----TotalAmount-----
2026-02-08 17:03:34 INFO  EmiCalculatorPage:88 - Got Interest Amount
2026-02-08 17:03:34 INFO  EmiCalculatorPage:90 - Got EMI Amount
2026-02-08 17:03:34 INFO  EmiCalculatorPage:92 - Got Total Amount
2026-02-08 17:03:34 INFO  EmiCalculatorPage:97 - Data added to ExcelSheet
2026-02-08 17:03:34 INFO  ExtentReportManager:76 - Test method passed with: verifyCarLoanMonthlyBreakup
2026-02-08 17:03:34 INFO  Test_EmiCalculator:19 - -----Stated CarEmiTestCase-----
2026-02-08 17:03:34 INFO  Test_EmiCalculator:23 - -----opencarLoanTab-----
2026-02-08 17:03:35 INFO  Test_EmiCalculator:26 - -----Starting data Entering-----
2026-02-08 17:03:35 INFO  Test_EmiCalculator:29 - -----Entered Loan Amount-----
2026-02-08 17:03:35 INFO  Test_EmiCalculator:32 - -----Entered Interest Rate-----
2026-02-08 17:03:36 INFO  Test_EmiCalculator:35 - -----Entered Tenure-----
2026-02-08 17:03:36 INFO  Test_EmiCalculator:38 - -----TotalAmount-----
2026-02-08 17:03:36 INFO  EmiCalculatorPage:88 - Got Interest Amount
2026-02-08 17:03:36 INFO  EmiCalculatorPage:90 - Got EMI Amount
2026-02-08 17:03:36 INFO  EmiCalculatorPage:92 - Got Total Amount
2026-02-08 17:03:37 INFO  EmiCalculatorPage:97 - Data added to ExcelSheet
2026-02-08 17:03:37 INFO  ExtentReportManager:76 - Test method passed with: verifyCarLoanMonthlyBreakup
2026-02-08 17:03:37 INFO  Test_EmiCalculator:19 - -----Stated CarEmiTestCase-----
2026-02-08 17:03:37 INFO  Test_EmiCalculator:23 - -----opencarLoanTab-----
2026-02-08 17:03:38 INFO  Test_EmiCalculator:26 - -----Starting data Entering-----
2026-02-08 17:03:38 INFO  Test_EmiCalculator:29 - -----Entered Loan Amount-----
2026-02-08 17:03:39 INFO  Test_EmiCalculator:32 - -----Entered Interest Rate-----
2026-02-08 17:03:39 INFO  Test_EmiCalculator:35 - -----Entered Tenure-----
2026-02-08 17:03:39 INFO  Test_EmiCalculator:38 - -----TotalAmount-----
2026-02-08 17:03:40 INFO  EmiCalculatorPage:88 - Got Interest Amount
2026-02-08 17:03:40 INFO  EmiCalculatorPage:90 - Got EMI Amount
2026-02-08 17:03:40 INFO  EmiCalculatorPage:92 - Got Total Amount
2026-02-08 17:03:41 INFO  EmiCalculatorPage:97 - Data added to ExcelSheet
2026-02-08 17:03:41 INFO  ExtentReportManager:76 - Test method passed with: verifyCarLoanMonthlyBreakup
2026-02-08 17:03:54 ERROR ExtentReportManager:86 - Test method failed: fillHomeLoanForm
=======
2026-02-06 10:23:58 INFO  Test_EmiCalculator:61 - Launched chrome and opened AUT.
2026-02-06 10:24:01 INFO  Test_EmiCalculator:19 - -----Stated CarEmiTestCase-----
2026-02-06 10:24:01 INFO  Test_EmiCalculator:23 - -----opencarLoanTab-----
2026-02-06 10:24:02 INFO  Test_EmiCalculator:26 - -----Starting data Entering-----
2026-02-06 10:24:02 INFO  Test_EmiCalculator:29 - -----Entered Loan Amount-----
2026-02-06 10:24:03 INFO  Test_EmiCalculator:32 - -----Entered Interest Rate-----
2026-02-06 10:24:03 INFO  Test_EmiCalculator:35 - -----Entered Tenure-----
2026-02-06 10:24:03 INFO  Test_EmiCalculator:38 - -----TotalAmount-----
2026-02-06 10:24:03 INFO  EmiCalculatorPage:88 - Got Interest Amount
2026-02-06 10:24:03 INFO  EmiCalculatorPage:90 - Got EMI Amount
2026-02-06 10:24:03 INFO  EmiCalculatorPage:92 - Got Total Amount
2026-02-06 10:24:04 INFO  EmiCalculatorPage:97 - Data added to ExcelSheet
2026-02-06 10:24:04 INFO  ExtentReportManager:75 - Test method passed with: verifyCarLoanMonthlyBreakup
2026-02-06 10:24:05 INFO  Test_EmiCalculator:19 - -----Stated CarEmiTestCase-----
2026-02-06 10:24:05 INFO  Test_EmiCalculator:23 - -----opencarLoanTab-----
2026-02-06 10:24:05 INFO  Test_EmiCalculator:26 - -----Starting data Entering-----
2026-02-06 10:24:05 INFO  Test_EmiCalculator:29 - -----Entered Loan Amount-----
2026-02-06 10:24:06 INFO  Test_EmiCalculator:32 - -----Entered Interest Rate-----
2026-02-06 10:24:06 INFO  Test_EmiCalculator:35 - -----Entered Tenure-----
2026-02-06 10:24:06 INFO  Test_EmiCalculator:38 - -----TotalAmount-----
2026-02-06 10:24:06 INFO  EmiCalculatorPage:88 - Got Interest Amount
2026-02-06 10:24:06 INFO  EmiCalculatorPage:90 - Got EMI Amount
2026-02-06 10:24:06 INFO  EmiCalculatorPage:92 - Got Total Amount
2026-02-06 10:24:07 INFO  EmiCalculatorPage:97 - Data added to ExcelSheet
2026-02-06 10:24:07 INFO  ExtentReportManager:75 - Test method passed with: verifyCarLoanMonthlyBreakup
2026-02-06 10:24:07 INFO  Test_EmiCalculator:19 - -----Stated CarEmiTestCase-----
2026-02-06 10:24:07 INFO  Test_EmiCalculator:23 - -----opencarLoanTab-----
2026-02-06 10:24:07 INFO  Test_EmiCalculator:26 - -----Starting data Entering-----
2026-02-06 10:24:08 INFO  Test_EmiCalculator:29 - -----Entered Loan Amount-----
2026-02-06 10:24:08 INFO  Test_EmiCalculator:32 - -----Entered Interest Rate-----
2026-02-06 10:24:09 INFO  Test_EmiCalculator:35 - -----Entered Tenure-----
2026-02-06 10:24:09 INFO  Test_EmiCalculator:38 - -----TotalAmount-----
2026-02-06 10:24:09 INFO  EmiCalculatorPage:88 - Got Interest Amount
2026-02-06 10:24:09 INFO  EmiCalculatorPage:90 - Got EMI Amount
2026-02-06 10:24:09 INFO  EmiCalculatorPage:92 - Got Total Amount
2026-02-06 10:24:10 INFO  EmiCalculatorPage:97 - Data added to ExcelSheet
2026-02-06 10:24:10 INFO  ExtentReportManager:75 - Test method passed with: verifyCarLoanMonthlyBreakup
2026-02-06 10:24:10 INFO  Test_EmiCalculator:19 - -----Stated CarEmiTestCase-----
2026-02-06 10:24:10 INFO  Test_EmiCalculator:23 - -----opencarLoanTab-----
2026-02-06 10:24:10 INFO  Test_EmiCalculator:26 - -----Starting data Entering-----
2026-02-06 10:24:10 INFO  Test_EmiCalculator:29 - -----Entered Loan Amount-----
2026-02-06 10:24:11 INFO  Test_EmiCalculator:32 - -----Entered Interest Rate-----
2026-02-06 10:24:11 INFO  Test_EmiCalculator:35 - -----Entered Tenure-----
2026-02-06 10:24:11 INFO  Test_EmiCalculator:38 - -----TotalAmount-----
2026-02-06 10:24:11 INFO  EmiCalculatorPage:88 - Got Interest Amount
2026-02-06 10:24:11 INFO  EmiCalculatorPage:90 - Got EMI Amount
2026-02-06 10:24:12 INFO  EmiCalculatorPage:92 - Got Total Amount
2026-02-06 10:24:12 INFO  EmiCalculatorPage:97 - Data added to ExcelSheet
2026-02-06 10:24:12 INFO  ExtentReportManager:75 - Test method passed with: verifyCarLoanMonthlyBreakup
2026-02-06 10:24:24 INFO  HomeLoanTest:61 - Launched chrome and opened AUT.
2026-02-06 10:24:25 INFO  HomeLoanTest:25 - **Started TestCase_001: Home Loan Form Filling**
2026-02-06 10:24:25 INFO  HomeLoanTest:27 - Clicking Home Loan tab
2026-02-06 10:24:29 INFO  HomeLoanTest:30 - Entering Home Price: 5000000
2026-02-06 10:24:29 INFO  HomeLoanTest:33 - Entering Down Payment Percent: 20
2026-02-06 10:24:30 INFO  HomeLoanTest:36 - Entering Loan Insurance: 0
2026-02-06 10:24:30 INFO  HomeLoanTest:39 - Entering Loan Amount: 4000000
2026-02-06 10:24:31 INFO  HomeLoanTest:42 - Clearing and setting Interest Rate: 9
2026-02-06 10:24:31 INFO  HomeLoanTest:45 - Entering Loan Tenure: 1
2026-02-06 10:24:32 INFO  HomeLoanTest:48 - Entering Loan Fees: 0.25
2026-02-06 10:24:33 INFO  HomeLoanTest:51 - Opening Start Month/Year Picker
2026-02-06 10:24:33 INFO  HomeLoanTest:54 - Picking Year: 2026 and Month: Jan
2026-02-06 10:24:33 INFO  HomeLoanTest:57 - Entering One-Time Expenses: 10
2026-02-06 10:24:33 INFO  HomeLoanTest:60 - Entering Property Taxes: 0.25
2026-02-06 10:24:34 INFO  HomeLoanTest:63 - Entering Home Insurance: 0.05
2026-02-06 10:24:34 INFO  HomeLoanTest:66 - Entering Maintenance Expenses: 2500
2026-02-06 10:24:35 INFO  HomeLoanTest:69 - Waiting for Year element to be clickable
2026-02-06 10:24:38 INFO  HomeLoanTest:77 - Moving to Year element
2026-02-06 10:24:41 INFO  HomeLoanTest:84 - Fetching yearly payment details text
2026-02-06 10:25:12 INFO  HomeLoanTest:87 - **Completed TestCase_001 successfully**
2026-02-06 10:25:12 INFO  ExtentReportManager:75 - Test method passed with: fillHomeLoanForm
2026-02-06 10:25:25 INFO  UiCheckTest:61 - Launched chrome and opened AUT.
2026-02-06 10:25:30 INFO  ExtentReportManager:75 - Test method passed with: navigate_to_home_loan_page
2026-02-06 10:25:33 INFO  ExtentReportManager:75 - Test method passed with: check_EMI_calculator
2026-02-06 10:25:34 INFO  ExtentReportManager:75 - Test method passed with: check_Loan_Amount_calculator
2026-02-06 10:25:37 INFO  ExtentReportManager:75 - Test method passed with: check_Loan_tenure_calculator
2026-02-06 10:30:55 INFO  Utils:112 - [TestNG] Running:
  C:\Users\2457327\IdeaProjects\Automating_EMICaluculator\testng.xml

2026-02-06 10:30:59 INFO  UiCheckTest:61 - Launched chrome and opened AUT.
2026-02-06 10:31:09 INFO  ExtentReportManager:75 - Test method passed with: navigate_to_home_loan_page
2026-02-06 10:31:11 INFO  ExtentReportManager:75 - Test method passed with: check_EMI_calculator
2026-02-06 10:31:14 INFO  ExtentReportManager:75 - Test method passed with: check_Loan_Amount_calculator
2026-02-06 10:31:16 INFO  ExtentReportManager:75 - Test method passed with: check_Loan_tenure_calculator
2026-02-06 10:33:02 INFO  Utils:112 - [TestNG] Running:
  C:\Users\2457327\IdeaProjects\Automating_EMICaluculator\testng.xml

2026-02-06 10:33:14 INFO  UiCheckTest:61 - Launched chrome and opened AUT.
2026-02-06 10:33:22 INFO  ExtentReportManager:75 - Test method passed with: navigate_to_home_loan_page
2026-02-06 10:33:24 INFO  ExtentReportManager:75 - Test method passed with: check_EMI_calculator
2026-02-06 10:33:27 INFO  ExtentReportManager:75 - Test method passed with: check_Loan_Amount_calculator
2026-02-06 10:33:29 INFO  ExtentReportManager:75 - Test method passed with: check_Loan_tenure_calculator
2026-02-06 10:35:03 INFO  Utils:112 - [TestNG] Running:
  C:\Users\2457327\IdeaProjects\Automating_EMICaluculator\src\test\java\smoke.xml

2026-02-06 10:36:25 INFO  Utils:112 - [TestNG] Running:
  C:\Users\2457327\IdeaProjects\Automating_EMICaluculator\src\test\java\smoke.xml

2026-02-06 10:37:29 INFO  Utils:112 - [TestNG] Running:
  C:\Users\2457327\IdeaProjects\Automating_EMICaluculator\src\test\java\smoke.xml

2026-02-06 10:50:11 INFO  Utils:112 - [TestNG] Running:
  C:\Users\2457327\IdeaProjects\Automating_EMICaluculator\testng.xml

2026-02-06 10:50:24 INFO  ExtentReportManager:75 - Test method passed with: navigate_to_home_loan_page
2026-02-06 10:50:26 INFO  ExtentReportManager:75 - Test method passed with: check_EMI_calculator
2026-02-06 10:50:28 INFO  ExtentReportManager:75 - Test method passed with: check_Loan_Amount_calculator
2026-02-06 10:50:30 INFO  ExtentReportManager:75 - Test method passed with: check_Loan_tenure_calculator
2026-02-06 10:55:24 INFO  Utils:112 - [TestNG] Running:
  C:\Users\2457327\IdeaProjects\Automating_EMICaluculator\testng.xml

2026-02-06 10:55:44 INFO  ExtentReportManager:75 - Test method passed with: navigate_to_home_loan_page
2026-02-06 10:55:49 INFO  ExtentReportManager:75 - Test method passed with: check_EMI_calculator
2026-02-06 10:55:56 INFO  ExtentReportManager:75 - Test method passed with: check_Loan_Amount_calculator
2026-02-06 10:56:01 INFO  ExtentReportManager:75 - Test method passed with: check_Loan_tenure_calculator
2026-02-06 11:42:56 INFO  Utils:112 - [TestNG] Running:
  C:\Users\2457405\IdeaProjects\Automating_EMICaluculator\src\test\java\smoke.xml

2026-02-06 11:46:01 INFO  Utils:112 - [TestNG] Running:
  C:\Users\2457405\IdeaProjects\Automating_EMICaluculator\src\test\java\smoke.xml

2026-02-06 11:49:44 INFO  Utils:112 - [TestNG] Running:
  C:\Users\2457405\IdeaProjects\Automating_EMICaluculator\src\test\java\smoke.xml

2026-02-06 11:49:44 ERROR UICheck:133 - Loan amount Calculator is not visible due to -> java.lang.NullPointerException: Cannot invoke "org.openqa.selenium.SearchContext.findElement(org.openqa.selenium.By)" because "this.searchContext" is null
2026-02-06 11:49:44 ERROR UICheck:144 - LOAN TENURE Calculator is not visible due to -> java.lang.NullPointerException: Cannot invoke "org.openqa.selenium.SearchContext.findElement(org.openqa.selenium.By)" because "this.searchContext" is null
2026-02-06 11:50:30 INFO  Utils:112 - [TestNG] Running:
  C:\Users\2457405\IdeaProjects\Automating_EMICaluculator\src\test\java\smoke.xml

2026-02-06 11:50:30 ERROR UICheck:133 - Loan amount Calculator is not visible due to -> java.lang.NullPointerException: Cannot invoke "org.openqa.selenium.SearchContext.findElement(org.openqa.selenium.By)" because "this.searchContext" is null
2026-02-06 11:50:31 ERROR UICheck:144 - LOAN TENURE Calculator is not visible due to -> java.lang.NullPointerException: Cannot invoke "org.openqa.selenium.SearchContext.findElement(org.openqa.selenium.By)" because "this.searchContext" is null
2026-02-06 11:52:49 INFO  Utils:112 - [TestNG] Running:
  C:\Users\2457405\IdeaProjects\Automating_EMICaluculator\src\test\java\smoke.xml

2026-02-06 11:52:49 ERROR UICheck:135 - Loan amount Calculator is not visible due to -> java.lang.NullPointerException: Cannot invoke "org.openqa.selenium.SearchContext.findElement(org.openqa.selenium.By)" because "this.searchContext" is null
2026-02-06 11:52:49 ERROR UICheck:146 - LOAN TENURE Calculator is not visible due to -> java.lang.NullPointerException: Cannot invoke "org.openqa.selenium.SearchContext.findElement(org.openqa.selenium.By)" because "this.searchContext" is null
2026-02-06 11:57:33 INFO  Utils:112 - [TestNG] Running:
  C:\Users\2457405\IdeaProjects\Automating_EMICaluculator\src\test\java\smoke.xml

2026-02-06 11:58:40 INFO  Utils:112 - [TestNG] Running:
  C:\Users\2457405\IdeaProjects\Automating_EMICaluculator\src\test\java\smoke.xml

2026-02-06 11:59:39 INFO  Utils:112 - [TestNG] Running:
  C:\Users\2457405\IdeaProjects\Automating_EMICaluculator\src\test\java\smoke.xml

2026-02-06 12:01:30 INFO  Utils:112 - [TestNG] Running:
  C:\Users\2457405\IdeaProjects\Automating_EMICaluculator\src\test\java\smoke.xml

2026-02-06 12:07:00 INFO  Utils:112 - [TestNG] Running:
  C:\Users\2457405\IdeaProjects\Automating_EMICaluculator\testng.xml

2026-02-06 12:07:32 ERROR UICheck:135 - Loan amount Calculator is not visible due to -> org.openqa.selenium.TimeoutException: Expected condition failed: waiting for visibility of Proxy element for: DefaultElementLocator 'By.cssSelector: li#loan-amount-calc' (tried for 10 second(s) with 500 milliseconds interval)
2026-02-06 12:07:32 ERROR ExtentReportManager:85 - Test method failed: check_Loan_Amount_calculator
2026-02-06 12:07:32 ERROR ExtentReportManager:85 - Test method failed: check_Loan_Amount_calculator
2026-02-06 12:10:37 INFO  Utils:112 - [TestNG] Running:
  C:\Users\2457405\IdeaProjects\Automating_EMICaluculator\testng.xml

2026-02-06 12:10:50 INFO  ExtentReportManager:75 - Test method passed with: check_EMI_calculator
2026-02-06 12:10:56 INFO  ExtentReportManager:75 - Test method passed with: check_Loan_Amount_calculator
2026-02-06 12:11:01 INFO  ExtentReportManager:75 - Test method passed with: check_Loan_tenure_calculator
2026-02-06 12:11:13 INFO  Test_EmiCalculator:19 - -----Stated CarEmiTestCase-----
2026-02-06 12:11:13 INFO  Test_EmiCalculator:23 - -----opencarLoanTab-----
2026-02-06 12:11:13 INFO  Test_EmiCalculator:26 - -----Starting data Entering-----
2026-02-06 12:11:14 INFO  Test_EmiCalculator:29 - -----Entered Loan Amount-----
2026-02-06 12:11:14 INFO  Test_EmiCalculator:32 - -----Entered Interest Rate-----
2026-02-06 12:11:14 INFO  Test_EmiCalculator:35 - -----Entered Tenure-----
2026-02-06 12:11:14 INFO  Test_EmiCalculator:38 - -----TotalAmount-----
2026-02-06 12:11:14 INFO  EmiCalculatorPage:88 - Got Interest Amount
2026-02-06 12:11:14 INFO  EmiCalculatorPage:90 - Got EMI Amount
2026-02-06 12:11:14 INFO  EmiCalculatorPage:92 - Got Total Amount
2026-02-06 12:11:14 INFO  EmiCalculatorPage:97 - Data added to ExcelSheet
2026-02-06 12:11:14 INFO  ExtentReportManager:75 - Test method passed with: verifyCarLoanMonthlyBreakup
2026-02-06 12:11:14 INFO  Test_EmiCalculator:19 - -----Stated CarEmiTestCase-----
2026-02-06 12:11:14 INFO  Test_EmiCalculator:23 - -----opencarLoanTab-----
2026-02-06 12:11:15 INFO  Test_EmiCalculator:26 - -----Starting data Entering-----
2026-02-06 12:11:15 INFO  Test_EmiCalculator:29 - -----Entered Loan Amount-----
2026-02-06 12:11:16 INFO  Test_EmiCalculator:32 - -----Entered Interest Rate-----
2026-02-06 12:11:16 INFO  Test_EmiCalculator:35 - -----Entered Tenure-----
2026-02-06 12:11:16 INFO  Test_EmiCalculator:38 - -----TotalAmount-----
2026-02-06 12:11:16 INFO  EmiCalculatorPage:88 - Got Interest Amount
2026-02-06 12:11:16 INFO  EmiCalculatorPage:90 - Got EMI Amount
2026-02-06 12:11:16 INFO  EmiCalculatorPage:92 - Got Total Amount
2026-02-06 12:11:16 INFO  EmiCalculatorPage:97 - Data added to ExcelSheet
2026-02-06 12:11:16 INFO  ExtentReportManager:75 - Test method passed with: verifyCarLoanMonthlyBreakup
2026-02-06 12:11:16 INFO  Test_EmiCalculator:19 - -----Stated CarEmiTestCase-----
2026-02-06 12:11:16 INFO  Test_EmiCalculator:23 - -----opencarLoanTab-----
2026-02-06 12:11:16 INFO  Test_EmiCalculator:26 - -----Starting data Entering-----
2026-02-06 12:11:17 INFO  Test_EmiCalculator:29 - -----Entered Loan Amount-----
2026-02-06 12:11:17 INFO  Test_EmiCalculator:32 - -----Entered Interest Rate-----
2026-02-06 12:11:18 INFO  Test_EmiCalculator:35 - -----Entered Tenure-----
2026-02-06 12:11:18 INFO  Test_EmiCalculator:38 - -----TotalAmount-----
2026-02-06 12:11:18 INFO  EmiCalculatorPage:88 - Got Interest Amount
2026-02-06 12:11:18 INFO  EmiCalculatorPage:90 - Got EMI Amount
2026-02-06 12:11:18 INFO  EmiCalculatorPage:92 - Got Total Amount
2026-02-06 12:11:18 INFO  EmiCalculatorPage:97 - Data added to ExcelSheet
2026-02-06 12:11:18 INFO  ExtentReportManager:75 - Test method passed with: verifyCarLoanMonthlyBreakup
2026-02-06 12:11:18 INFO  Test_EmiCalculator:19 - -----Stated CarEmiTestCase-----
2026-02-06 12:11:18 INFO  Test_EmiCalculator:23 - -----opencarLoanTab-----
2026-02-06 12:11:18 INFO  Test_EmiCalculator:26 - -----Starting data Entering-----
2026-02-06 12:11:19 INFO  Test_EmiCalculator:29 - -----Entered Loan Amount-----
2026-02-06 12:11:19 INFO  Test_EmiCalculator:32 - -----Entered Interest Rate-----
2026-02-06 12:11:19 INFO  Test_EmiCalculator:35 - -----Entered Tenure-----
2026-02-06 12:11:19 INFO  Test_EmiCalculator:38 - -----TotalAmount-----
2026-02-06 12:11:19 INFO  EmiCalculatorPage:88 - Got Interest Amount
2026-02-06 12:11:19 INFO  EmiCalculatorPage:90 - Got EMI Amount
2026-02-06 12:11:19 INFO  EmiCalculatorPage:92 - Got Total Amount
2026-02-06 12:11:19 INFO  EmiCalculatorPage:97 - Data added to ExcelSheet
2026-02-06 12:11:19 INFO  ExtentReportManager:75 - Test method passed with: verifyCarLoanMonthlyBreakup
2026-02-06 12:11:31 INFO  HomeLoanTest:25 - **Started TestCase_001: Home Loan Form Filling**
2026-02-06 12:11:31 INFO  HomeLoanTest:27 - Clicking Home Loan tab
2026-02-06 12:11:35 INFO  HomeLoanTest:30 - Entering Home Price: 5000000
2026-02-06 12:11:35 INFO  HomeLoanTest:33 - Entering Down Payment Percent: 20
2026-02-06 12:11:35 INFO  HomeLoanTest:36 - Entering Loan Insurance: 0
2026-02-06 12:11:35 INFO  HomeLoanTest:39 - Entering Loan Amount: 4000000
2026-02-06 12:11:36 INFO  HomeLoanTest:42 - Clearing and setting Interest Rate: 9
2026-02-06 12:11:36 INFO  HomeLoanTest:45 - Entering Loan Tenure: 1
2026-02-06 12:11:36 INFO  HomeLoanTest:48 - Entering Loan Fees: 0.25
2026-02-06 12:11:36 INFO  HomeLoanTest:51 - Opening Start Month/Year Picker
2026-02-06 12:11:37 INFO  HomeLoanTest:54 - Picking Year: 2026 and Month: Jan
2026-02-06 12:11:37 INFO  HomeLoanTest:57 - Entering One-Time Expenses: 10
2026-02-06 12:11:37 INFO  HomeLoanTest:60 - Entering Property Taxes: 0.25
2026-02-06 12:11:37 INFO  HomeLoanTest:63 - Entering Home Insurance: 0.05
2026-02-06 12:11:37 INFO  HomeLoanTest:66 - Entering Maintenance Expenses: 2500
2026-02-06 12:11:37 INFO  HomeLoanTest:69 - Waiting for Year element to be clickable
2026-02-06 12:11:40 INFO  HomeLoanTest:77 - Moving to Year element
2026-02-06 12:11:42 INFO  HomeLoanTest:84 - Fetching yearly payment details text
2026-02-06 12:11:50 INFO  HomeLoanTest:87 - **Completed TestCase_001 successfully**
2026-02-06 12:11:50 INFO  ExtentReportManager:75 - Test method passed with: fillHomeLoanForm
2026-02-06 12:14:04 INFO  Utils:112 - [TestNG] Running:
  C:\Users\2457405\IdeaProjects\Automating_EMICaluculator\testng.xml

2026-02-06 12:14:31 ERROR UICheck:135 - Loan amount Calculator is not visible due to -> org.openqa.selenium.TimeoutException: Expected condition failed: waiting for visibility of Proxy element for: DefaultElementLocator 'By.cssSelector: li#loan-amount-calc' (tried for 10 second(s) with 500 milliseconds interval)
2026-02-06 12:14:31 ERROR ExtentReportManager:85 - Test method failed: check_Loan_Amount_calculator
2026-02-06 12:14:32 ERROR ExtentReportManager:85 - Test method failed: check_Loan_Amount_calculator
2026-02-06 12:19:16 INFO  Utils:112 - [TestNG] Running:
  C:\Users\2457405\IdeaProjects\Automating_EMICaluculator\testng.xml

2026-02-06 12:19:44 ERROR UICheck:135 - Loan amount Calculator is not visible due to -> org.openqa.selenium.TimeoutException: Expected condition failed: waiting for visibility of Proxy element for: DefaultElementLocator 'By.cssSelector: li#loan-amount-calc' (tried for 10 second(s) with 500 milliseconds interval)
2026-02-06 12:19:44 ERROR ExtentReportManager:85 - Test method failed: check_Loan_Amount_calculator
2026-02-06 12:22:12 INFO  Utils:112 - [TestNG] Running:
  C:\Users\2457405\IdeaProjects\Automating_EMICaluculator\testng.xml

2026-02-06 12:22:25 INFO  ExtentReportManager:75 - Test method passed with: check_Loan_Amount_calculator
2026-02-06 16:52:51 INFO  ExtentReportManager:75 - Test method passed with: check_Loan_Amount_calculator
>>>>>>> 07144bcedfbb375131f7d887443e7a495cca2158
