<?xml version="1.0" encoding="UTF-8"?>
<testng-results ignored="0" total="2" passed="2" failed="0" skipped="0">
  <reporter-output>
  </reporter-output>
  <suite started-at="2026-01-28T13:48:06 IST" name="suite" finished-at="2026-01-28T13:49:08 IST" duration-ms="62043">
    <groups>
    </groups>
    <test started-at="2026-01-28T13:48:06 IST" name="Home Page Test" finished-at="2026-01-28T13:49:08 IST" duration-ms="62043">
      <class name="TestCases.HomeLoanTest">
        <test-method is-config="true" signature="setup(java.lang.String)[pri:0, instance:TestCases.HomeLoanTest@7cbee484]" started-at="2026-01-28T13:48:31 IST" name="setup" finished-at="2026-01-28T13:48:39 IST" duration-ms="7752" status="PASS">
          <params>
            <param index="0">
              <value>
                <![CDATA[chrome]]>
              </value>
            </param>
          </params>
          <reporter-output>
          </reporter-output>
        </test-method> <!-- setup -->
        <test-method signature="fillHomeLoanForm(java.lang.String,java.lang.String,java.lang.String,java.lang.String,java.lang.String,java.lang.String,java.lang.String,java.lang.String,java.lang.String,java.lang.String,java.lang.String,java.lang.String,java.lang.String)[pri:0, instance:TestCases.HomeLoanTest@7cbee484]" started-at="2026-01-28T13:48:40 IST" name="fillHomeLoanForm" description="Fill Home Loan page with fixed inputs" data-provider="HomeLoan" finished-at="2026-01-28T13:49:04 IST" duration-ms="23934" status="PASS">
          <params>
            <param index="0">
              <value>
                <![CDATA[5000000]]>
              </value>
            </param>
            <param index="1">
              <value>
                <![CDATA[20]]>
              </value>
            </param>
            <param index="2">
              <value>
                <![CDATA[0]]>
              </value>
            </param>
            <param index="3">
              <value>
                <![CDATA[4000000]]>
              </value>
            </param>
            <param index="4">
              <value>
                <![CDATA[9]]>
              </value>
            </param>
            <param index="5">
              <value>
                <![CDATA[1]]>
              </value>
            </param>
            <param index="6">
              <value>
                <![CDATA[0.25]]>
              </value>
            </param>
            <param index="7">
              <value>
                <![CDATA[2026]]>
              </value>
            </param>
            <param index="8">
              <value>
                <![CDATA[Jan]]>
              </value>
            </param>
            <param index="9">
              <value>
                <![CDATA[10]]>
              </value>
            </param>
            <param index="10">
              <value>
                <![CDATA[0.25]]>
              </value>
            </param>
            <param index="11">
              <value>
                <![CDATA[0.05]]>
              </value>
            </param>
            <param index="12">
              <value>
                <![CDATA[2500]]>
              </value>
            </param>
          </params>
          <reporter-output>
          </reporter-output>
        </test-method> <!-- fillHomeLoanForm -->
        <test-method is-config="true" signature="tearDown()[pri:0, instance:TestCases.HomeLoanTest@7cbee484]" started-at="2026-01-28T13:49:04 IST" name="tearDown" finished-at="2026-01-28T13:49:08 IST" duration-ms="4582" status="PASS">
          <reporter-output>
          </reporter-output>
        </test-method> <!-- tearDown -->
      </class> <!-- TestCases.HomeLoanTest -->
      <class name="TestCases.UiCheckTest">
        <test-method is-config="true" signature="setup(java.lang.String)[pri:0, instance:TestCases.UiCheckTest@6e46d9f4]" started-at="2026-01-28T13:48:06 IST" name="setup" finished-at="2026-01-28T13:48:14 IST" duration-ms="7796" status="PASS">
          <params>
            <param index="0">
              <value>
                <![CDATA[chrome]]>
              </value>
            </param>
          </params>
          <reporter-output>
          </reporter-output>
        </test-method> <!-- setup -->
        <test-method signature="verifyEmiCalculatorFlow()[pri:0, instance:TestCases.UiCheckTest@6e46d9f4]" started-at="2026-01-28T13:48:14 IST" name="verifyEmiCalculatorFlow" finished-at="2026-01-28T13:48:23 IST" duration-ms="9184" status="PASS">
          <reporter-output>
          </reporter-output>
        </test-method> <!-- verifyEmiCalculatorFlow -->
        <test-method is-config="true" signature="tearDown()[pri:0, instance:TestCases.UiCheckTest@6e46d9f4]" started-at="2026-01-28T13:48:24 IST" name="tearDown" finished-at="2026-01-28T13:48:31 IST" duration-ms="7334" status="PASS">
          <reporter-output>
          </reporter-output>
        </test-method> <!-- tearDown -->
      </class> <!-- TestCases.UiCheckTest -->
    </test> <!-- Home Page Test -->
  </suite> <!-- suite -->
</testng-results>
