<?xml version="1.0" encoding="UTF-8"?>
<testng-results ignored="0" total="9" passed="9" failed="0" skipped="0">
  <reporter-output>
  </reporter-output>
  <suite started-at="2026-02-06T10:23:50 IST" name="EMICalculator" finished-at="2026-02-06T10:25:43 IST" duration-ms="112819">
    <groups>
      <group name="regression">
        <method signature="UiCheckTest.check_EMI_calculator()[pri:2, instance:TestCases.UiCheckTest@770d4269]" name="check_EMI_calculator" class="TestCases.UiCheckTest"/>
        <method signature="UiCheckTest.check_Loan_tenure_calculator()[pri:4, instance:TestCases.UiCheckTest@770d4269]" name="check_Loan_tenure_calculator" class="TestCases.UiCheckTest"/>
      </group> <!-- regression -->
      <group name="sanity">
        <method signature="UiCheckTest.check_Loan_Amount_calculator()[pri:3, instance:TestCases.UiCheckTest@770d4269]" name="check_Loan_Amount_calculator" class="TestCases.UiCheckTest"/>
        <method signature="UiCheckTest.check_Loan_tenure_calculator()[pri:4, instance:TestCases.UiCheckTest@770d4269]" name="check_Loan_tenure_calculator" class="TestCases.UiCheckTest"/>
      </group> <!-- sanity -->
    </groups>
    <test started-at="2026-02-06T10:23:50 IST" name="chromeTest" finished-at="2026-02-06T10:25:43 IST" duration-ms="112819">
      <class name="TestCases.HomeLoanTest">
        <test-method is-config="true" signature="setup(java.lang.String)[pri:0, instance:TestCases.HomeLoanTest@4c36250e]" started-at="2026-02-06T10:24:17 IST" name="setup" finished-at="2026-02-06T10:24:24 IST" duration-ms="7534" status="PASS">
          <params>
            <param index="0">
              <value>
                <![CDATA[chrome]]>
              </value>
            </param>
          </params>
          <reporter-output>
          </reporter-output>
        </test-method> <!-- setup -->
        <test-method signature="fillHomeLoanForm(java.lang.String,java.lang.String,java.lang.String,java.lang.String,java.lang.String,java.lang.String,java.lang.String,java.lang.String,java.lang.String,java.lang.String,java.lang.String,java.lang.String,java.lang.String)[pri:0, instance:TestCases.HomeLoanTest@4c36250e]" started-at="2026-02-06T10:24:24 IST" name="fillHomeLoanForm" description="Fill Home Loan page with fixed inputs" data-provider="HomeLoan" finished-at="2026-02-06T10:25:12 IST" duration-ms="47193" status="PASS">
          <params>
            <param index="0">
              <value>
                <![CDATA[5000000]]>
              </value>
            </param>
            <param index="1">
              <value>
                <![CDATA[20]]>
              </value>
            </param>
            <param index="2">
              <value>
                <![CDATA[0]]>
              </value>
            </param>
            <param index="3">
              <value>
                <![CDATA[4000000]]>
              </value>
            </param>
            <param index="4">
              <value>
                <![CDATA[9]]>
              </value>
            </param>
            <param index="5">
              <value>
                <![CDATA[1]]>
              </value>
            </param>
            <param index="6">
              <value>
                <![CDATA[0.25]]>
              </value>
            </param>
            <param index="7">
              <value>
                <![CDATA[2026]]>
              </value>
            </param>
            <param index="8">
              <value>
                <![CDATA[Jan]]>
              </value>
            </param>
            <param index="9">
              <value>
                <![CDATA[10]]>
              </value>
            </param>
            <param index="10">
              <value>
                <![CDATA[0.25]]>
              </value>
            </param>
            <param index="11">
              <value>
                <![CDATA[0.05]]>
              </value>
            </param>
            <param index="12">
              <value>
                <![CDATA[2500]]>
              </value>
            </param>
          </params>
          <reporter-output>
          </reporter-output>
        </test-method> <!-- fillHomeLoanForm -->
        <test-method is-config="true" signature="tearDown()[pri:0, instance:TestCases.HomeLoanTest@4c36250e]" started-at="2026-02-06T10:25:12 IST" name="tearDown" finished-at="2026-02-06T10:25:17 IST" duration-ms="5771" status="PASS">
          <reporter-output>
          </reporter-output>
        </test-method> <!-- tearDown -->
      </class> <!-- TestCases.HomeLoanTest -->
      <class name="TestCases.Test_EmiCalculator">
        <test-method is-config="true" signature="setup(java.lang.String)[pri:0, instance:TestCases.Test_EmiCalculator@319dead1]" started-at="2026-02-06T10:23:50 IST" name="setup" finished-at="2026-02-06T10:23:58 IST" duration-ms="8065" status="PASS">
          <params>
            <param index="0">
              <value>
                <![CDATA[chrome]]>
              </value>
            </param>
          </params>
          <reporter-output>
          </reporter-output>
        </test-method> <!-- setup -->
        <test-method signature="verifyCarLoanMonthlyBreakup(java.lang.String,java.lang.String,java.lang.String,java.lang.String)[pri:0, instance:TestCases.Test_EmiCalculator@319dead1]" started-at="2026-02-06T10:24:01 IST" name="verifyCarLoanMonthlyBreakup" data-provider="CarData" finished-at="2026-02-06T10:24:04 IST" duration-ms="3372" status="PASS">
          <params>
            <param index="0">
              <value>
                <![CDATA[400000]]>
              </value>
            </param>
            <param index="1">
              <value>
                <![CDATA[10]]>
              </value>
            </param>
            <param index="2">
              <value>
                <![CDATA[6]]>
              </value>
            </param>
            <param index="3">
              <value>
                <![CDATA[1]]>
              </value>
            </param>
          </params>
          <reporter-output>
          </reporter-output>
        </test-method> <!-- verifyCarLoanMonthlyBreakup -->
        <test-method signature="verifyCarLoanMonthlyBreakup(java.lang.String,java.lang.String,java.lang.String,java.lang.String)[pri:0, instance:TestCases.Test_EmiCalculator@319dead1]" started-at="2026-02-06T10:24:05 IST" name="verifyCarLoanMonthlyBreakup" data-provider="CarData" finished-at="2026-02-06T10:24:07 IST" duration-ms="2245" status="PASS">
          <params>
            <param index="0">
              <value>
                <![CDATA[500000]]>
              </value>
            </param>
            <param index="1">
              <value>
                <![CDATA[9.5]]>
              </value>
            </param>
            <param index="2">
              <value>
                <![CDATA[5]]>
              </value>
            </param>
            <param index="3">
              <value>
                <![CDATA[2]]>
              </value>
            </param>
          </params>
          <reporter-output>
          </reporter-output>
        </test-method> <!-- verifyCarLoanMonthlyBreakup -->
        <test-method signature="verifyCarLoanMonthlyBreakup(java.lang.String,java.lang.String,java.lang.String,java.lang.String)[pri:0, instance:TestCases.Test_EmiCalculator@319dead1]" started-at="2026-02-06T10:24:07 IST" name="verifyCarLoanMonthlyBreakup" data-provider="CarData" finished-at="2026-02-06T10:24:10 IST" duration-ms="2641" status="PASS">
          <params>
            <param index="0">
              <value>
                <![CDATA[120000]]>
              </value>
            </param>
            <param index="1">
              <value>
                <![CDATA[8.5]]>
              </value>
            </param>
            <param index="2">
              <value>
                <![CDATA[4]]>
              </value>
            </param>
            <param index="3">
              <value>
                <![CDATA[3]]>
              </value>
            </param>
          </params>
          <reporter-output>
          </reporter-output>
        </test-method> <!-- verifyCarLoanMonthlyBreakup -->
        <test-method signature="verifyCarLoanMonthlyBreakup(java.lang.String,java.lang.String,java.lang.String,java.lang.String)[pri:0, instance:TestCases.Test_EmiCalculator@319dead1]" started-at="2026-02-06T10:24:10 IST" name="verifyCarLoanMonthlyBreakup" data-provider="CarData" finished-at="2026-02-06T10:24:12 IST" duration-ms="2331" status="PASS">
          <params>
            <param index="0">
              <value>
                <![CDATA[700000]]>
              </value>
            </param>
            <param index="1">
              <value>
                <![CDATA[10]]>
              </value>
            </param>
            <param index="2">
              <value>
                <![CDATA[7]]>
              </value>
            </param>
            <param index="3">
              <value>
                <![CDATA[4]]>
              </value>
            </param>
          </params>
          <reporter-output>
          </reporter-output>
        </test-method> <!-- verifyCarLoanMonthlyBreakup -->
        <test-method is-config="true" signature="tearDown()[pri:0, instance:TestCases.Test_EmiCalculator@319dead1]" started-at="2026-02-06T10:24:12 IST" name="tearDown" finished-at="2026-02-06T10:24:17 IST" duration-ms="4782" status="PASS">
          <reporter-output>
          </reporter-output>
        </test-method> <!-- tearDown -->
      </class> <!-- TestCases.Test_EmiCalculator -->
      <class name="TestCases.UiCheckTest">
        <test-method is-config="true" signature="setup(java.lang.String)[pri:0, instance:TestCases.UiCheckTest@770d4269]" started-at="2026-02-06T10:25:17 IST" name="setup" finished-at="2026-02-06T10:25:25 IST" duration-ms="7901" status="PASS">
          <params>
            <param index="0">
              <value>
                <![CDATA[chrome]]>
              </value>
            </param>
          </params>
          <reporter-output>
          </reporter-output>
        </test-method> <!-- setup -->
        <test-method is-config="true" signature="setup()[pri:0, instance:TestCases.UiCheckTest@770d4269]" started-at="2026-02-06T10:25:25 IST" name="setup" finished-at="2026-02-06T10:25:25 IST" duration-ms="76" status="PASS">
          <reporter-output>
          </reporter-output>
        </test-method> <!-- setup -->
        <test-method signature="navigate_to_home_loan_page()[pri:1, instance:TestCases.UiCheckTest@770d4269]" started-at="2026-02-06T10:25:26 IST" name="navigate_to_home_loan_page" finished-at="2026-02-06T10:25:30 IST" duration-ms="4885" status="PASS">
          <reporter-output>
          </reporter-output>
        </test-method> <!-- navigate_to_home_loan_page -->
        <test-method is-config="true" signature="setup()[pri:0, instance:TestCases.UiCheckTest@770d4269]" started-at="2026-02-06T10:25:30 IST" name="setup" finished-at="2026-02-06T10:25:30 IST" duration-ms="9" status="PASS">
          <reporter-output>
          </reporter-output>
        </test-method> <!-- setup -->
        <test-method signature="check_EMI_calculator()[pri:2, instance:TestCases.UiCheckTest@770d4269]" started-at="2026-02-06T10:25:30 IST" name="check_EMI_calculator" finished-at="2026-02-06T10:25:33 IST" duration-ms="2134" status="PASS">
          <reporter-output>
          </reporter-output>
        </test-method> <!-- check_EMI_calculator -->
        <test-method is-config="true" signature="setup()[pri:0, instance:TestCases.UiCheckTest@770d4269]" started-at="2026-02-06T10:25:33 IST" name="setup" finished-at="2026-02-06T10:25:33 IST" duration-ms="10" status="PASS">
          <reporter-output>
          </reporter-output>
        </test-method> <!-- setup -->
        <test-method signature="check_Loan_Amount_calculator()[pri:3, instance:TestCases.UiCheckTest@770d4269]" started-at="2026-02-06T10:25:33 IST" name="check_Loan_Amount_calculator" finished-at="2026-02-06T10:25:34 IST" duration-ms="1754" status="PASS">
          <reporter-output>
          </reporter-output>
        </test-method> <!-- check_Loan_Amount_calculator -->
        <test-method is-config="true" signature="setup()[pri:0, instance:TestCases.UiCheckTest@770d4269]" started-at="2026-02-06T10:25:34 IST" name="setup" finished-at="2026-02-06T10:25:34 IST" duration-ms="0" status="PASS">
          <reporter-output>
          </reporter-output>
        </test-method> <!-- setup -->
        <test-method signature="check_Loan_tenure_calculator()[pri:4, instance:TestCases.UiCheckTest@770d4269]" started-at="2026-02-06T10:25:34 IST" name="check_Loan_tenure_calculator" finished-at="2026-02-06T10:25:37 IST" duration-ms="2235" status="PASS">
          <reporter-output>
          </reporter-output>
        </test-method> <!-- check_Loan_tenure_calculator -->
        <test-method is-config="true" signature="tearDown()[pri:0, instance:TestCases.UiCheckTest@770d4269]" started-at="2026-02-06T10:25:37 IST" name="tearDown" finished-at="2026-02-06T10:25:43 IST" duration-ms="5708" status="PASS">
          <reporter-output>
          </reporter-output>
        </test-method> <!-- tearDown -->
      </class> <!-- TestCases.UiCheckTest -->
    </test> <!-- chromeTest -->
  </suite> <!-- EMICalculator -->
</testng-results>
